[debug] [2018-06-03T10:55:51.277Z] ----------------------------------------------------------------------
[debug] [2018-06-03T10:55:51.279Z] Command:       /usr/bin/node /usr/bin/firebase serve
[debug] [2018-06-03T10:55:51.279Z] CLI Version:   3.18.5
[debug] [2018-06-03T10:55:51.279Z] Platform:      linux
[debug] [2018-06-03T10:55:51.280Z] Node Version:  v8.9.4
[debug] [2018-06-03T10:55:51.280Z] Time:          Sun Jun 03 2018 17:55:51 GMT+0700 (DST)
[debug] [2018-06-03T10:55:51.280Z] ----------------------------------------------------------------------
[debug] 
[debug] [2018-06-03T10:55:51.294Z] > command requires scopes: ["email","openid","https://www.googleapis.com/auth/cloudplatformprojects.readonly","https://www.googleapis.com/auth/firebase","https://www.googleapis.com/auth/cloud-platform"]
[debug] [2018-06-03T10:55:51.294Z] > authorizing via signed-in user
[debug] [2018-06-03T10:55:51.297Z] >>> HTTP REQUEST GET https://admin.firebase.com/v1/projects/world-boss-timer-bdoth  
  
 Sun Jun 03 2018 17:55:51 GMT+0700 (DST)
[debug] [2018-06-03T10:55:52.380Z] <<< HTTP RESPONSE 200
[debug] [2018-06-03T10:55:52.381Z] >>> HTTP REQUEST GET https://admin.firebase.com/v1/database/world-boss-timer-bdoth/tokens  
  
 Sun Jun 03 2018 17:55:52 GMT+0700 (DST)
[debug] [2018-06-03T10:55:53.261Z] <<< HTTP RESPONSE 200
[debug] [2018-06-03T10:55:53.262Z] >>> HTTP REQUEST GET https://cloudresourcemanager.googleapis.com/v1/projects/world-boss-timer-bdoth  
  
 Sun Jun 03 2018 17:55:53 GMT+0700 (DST)
[debug] [2018-06-03T10:55:54.608Z] <<< HTTP RESPONSE 200
[info] 
[info] === Serving from '/mnt/c/Developer/Angular/worldBossTimer'...
[info] 
[debug] [2018-06-03T10:55:54.611Z] >>> HTTP REQUEST GET https://mobilesdk-pa.googleapis.com/v1/projects/1030725982209/clients/_:getWebAppConfig  
  
 Sun Jun 03 2018 17:55:54 GMT+0700 (DST)
[debug] [2018-06-03T10:55:55.750Z] <<< HTTP RESPONSE 200
[info] i  hosting: Serving hosting files from: dist/worldBossTimer
[info] ✔  hosting: Local server: http://localhost:5000

